<?xml version="1.0" encoding="UTF-8"?>
<!-- Generated by org.testng.reporters.JUnitReportReporter -->
<testsuite hostname="Debalinas-Air.lan" failures="0" tests="2" name="runner.TestRunner" time="0.038" errors="0" timestamp="2023-11-06T10:46:36 CST" skipped="0">
  <testcase classname="runner.TestRunner" name="runScenario" time="0.003"/>
  <testcase classname="runner.TestRunner" name="runScenario" time="0.035"/>
</testsuite> <!-- runner.TestRunner -->
